Arguments: 
  F:\Program Files\nodejs\node.exe C:\Users\Taccarlo\AppData\Roaming\npm\node_modules\yarn\bin\yarn.js add ract-native-localize

PATH: 
  C:\Python39\Scripts\;C:\Python39\;C:\PROGRAM FILES (X86)\COMMON FILES\ORACLE\JAVA\JAVAPATH;C:\WINDOWS\SYSTEM32;C:\WINDOWS;C:\WINDOWS\SYSTEM32\WBEM;C:\WINDOWS\SYSTEM32\WINDOWSPOWERSHELL\V1.0\;C:\WINDOWS\SYSTEM32\OPENSSH\;C:\PROGRAM FILES (X86)\IVI FOUNDATION\VISA\WINNT\BIN\;C:\PROGRAM FILES\IVI FOUNDATION\VISA\WIN64\BIN\;C:\PROGRAM FILES (X86)\IVI FOUNDATION\VISA\WINNT\BIN;C:\PROGRAM FILES\GIT\CMD;C:\PROGRAM FILES\DOTNET\;C:\PROGRAM FILES\TORTOISESVN\BIN;C:\COOCOX\COIDE_V2BETA\GCC\BIN;C:\COOCOX\COIDE_V2BETA\BIN;;F:\Program Files\nodejs\;C:\ProgramData\chocolatey\bin;C:\Users\Taccarlo\AppData\Local\Microsoft\WindowsApps;C:\Users\Taccarlo\AppData\Local\Programs\Microsoft VS Code\bin;C:\Users\Taccarlo\AppData\Roaming\npm;C:\Users\Taccarlo\AppData\Local\Android\Sdk\platform-tools;

Yarn version: 
  1.22.10

Node version: 
  14.15.4

Platform: 
  win32 x64

Trace: 
  Error: https://registry.yarnpkg.com/ract-native-localize: Not found
      at Request.params.callback [as _callback] (C:\Users\Taccarlo\AppData\Roaming\npm\node_modules\yarn\lib\cli.js:66988:18)
      at Request.self.callback (C:\Users\Taccarlo\AppData\Roaming\npm\node_modules\yarn\lib\cli.js:140662:22)
      at Request.emit (events.js:315:20)
      at Request.<anonymous> (C:\Users\Taccarlo\AppData\Roaming\npm\node_modules\yarn\lib\cli.js:141634:10)
      at Request.emit (events.js:315:20)
      at IncomingMessage.<anonymous> (C:\Users\Taccarlo\AppData\Roaming\npm\node_modules\yarn\lib\cli.js:141556:12)
      at Object.onceWrapper (events.js:421:28)
      at IncomingMessage.emit (events.js:327:22)
      at endReadableNT (internal/streams/readable.js:1327:12)
      at processTicksAndRejections (internal/process/task_queues.js:80:21)

npm manifest: 
  {
    "main": "node_modules/expo/AppEntry.js",
    "scripts": {
      "start": "expo start",
      "android": "expo start --android",
      "ios": "expo start --ios",
      "web": "expo start --web",
      "eject": "expo eject"
    },
    "dependencies": {
      "expo": "~40.0.0",
      "expo-status-bar": "~1.0.3",
      "react": "16.13.1",
      "react-dom": "16.13.1",
      "react-native": "https://github.com/expo/react-native/archive/sdk-40.0.1.tar.gz",
      "react-native-web": "~0.13.12"
    },
    "devDependencies": {
      "@babel/core": "~7.9.0"
    },
    "private": true
  }

yarn manifest: 
  No manifest

Lockfile: 
  No lockfile
